<?xml version="1.0" encoding="UTF-8"?>
<!-- Generated by org.testng.reporters.JUnitReportReporter -->
<testsuite skipped="0" hostname="ShreeHari" name="com.nopcommerce.demo.testsuite.RegisterPageTest" tests="3" failures="0" timestamp="2022-05-09T15:05:23 BST" time="28.487" errors="0">
  <testcase name="verifyThatUserShouldCreateAccountSuccessfully" time="18.464" classname="com.nopcommerce.demo.testsuite.RegisterPageTest"/>
  <system-out/>
  <testcase name="verifyUserShouldNavigateToRegisterPageSuccessfully" time="6.294" classname="com.nopcommerce.demo.testsuite.RegisterPageTest"/>
  <system-out/>
  <testcase name="verifyThatFirstNameLastNameEmailPasswordAndConfirmPasswordFieldsAreMandatory" time="3.729" classname="com.nopcommerce.demo.testsuite.RegisterPageTest"/>
  <system-out/>
</testsuite> <!-- com.nopcommerce.demo.testsuite.RegisterPageTest -->
