<?xml version="1.0" encoding="UTF-8"?>
<!-- Generated by org.testng.reporters.JUnitReportReporter -->
<testsuite skipped="0" hostname="ShreeHari" name="com.nopcommerce.demo.testsuite.ComputerPageTest" tests="5" failures="0" timestamp="2022-05-09T15:05:23 BST" time="35.149" errors="0">
  <testcase name="verifyUserShouldNavigateToDesktopsPageSuccessfully" time="4.905" classname="com.nopcommerce.demo.testsuite.ComputerPageTest"/>
  <system-out/>
  <testcase name="verifyUserShouldNavigateToComputerPageSuccessfully" time="4.328" classname="com.nopcommerce.demo.testsuite.ComputerPageTest"/>
  <system-out/>
  <testcase name="verifyThatUserShouldBuildYouOwnComputerAndAddThemToCartSuccessfully" time="7.880" classname="com.nopcommerce.demo.testsuite.ComputerPageTest"/>
  <system-out/>
  <testcase name="verifyThatUserShouldBuildYouOwnComputerAndAddThemToCartSuccessfully" time="8.636" classname="com.nopcommerce.demo.testsuite.ComputerPageTest"/>
  <system-out/>
  <testcase name="verifyThatUserShouldBuildYouOwnComputerAndAddThemToCartSuccessfully" time="9.400" classname="com.nopcommerce.demo.testsuite.ComputerPageTest"/>
  <system-out/>
</testsuite> <!-- com.nopcommerce.demo.testsuite.ComputerPageTest -->
