<?xml version="1.0" encoding="UTF-8"?>
<!-- Generated by org.testng.reporters.JUnitReportReporter -->
<testsuite skipped="0" hostname="ShreeHari" name="com.nopcommerce.demo.testsuite.LoginPageTest" tests="4" failures="0" timestamp="2022-05-09T15:05:23 BST" time="20.366" errors="0">
  <testcase name="verifyErrorMessageWithInvalidCredentials" time="5.289" classname="com.nopcommerce.demo.testsuite.LoginPageTest"/>
  <system-out/>
  <testcase name="verifyUserShouldNavigateToLoginPage" time="4.388" classname="com.nopcommerce.demo.testsuite.LoginPageTest"/>
  <system-out/>
  <testcase name="verifyThatUserShouldLogInSuccessFullyWithValidCredentials" time="4.682" classname="com.nopcommerce.demo.testsuite.LoginPageTest"/>
  <system-out/>
  <testcase name="VerifyThatUserShouldLogOutSuccessFully" time="6.007" classname="com.nopcommerce.demo.testsuite.LoginPageTest"/>
  <system-out/>
</testsuite> <!-- com.nopcommerce.demo.testsuite.LoginPageTest -->
